<?xml version="1.0" encoding="UTF-8"?>
<!-- Generated by org.testng.reporters.JUnitReportReporter -->
<testsuite hostname="LAPTOP-FJ3K051I" failures="0" tests="1" name="setup.SeleniumInit" time="8.861" errors="1" timestamp="20 Jun 2021 06:13:11 GMT" skipped="0">
  <testcase classname="setup.SeleniumInit" name="setup" time="8.861">
    <error message="session not created: This version of ChromeDriver only supports Chrome version 89
Current browser version is 91.0.4472.106 with binary path C:\Program Files (x86)\Google\Chrome\Application\chrome.exe
Build info: version: &#039;3.141.59&#039;, revision: &#039;e82be7d358&#039;, time: &#039;2018-11-14T08:17:03&#039;
System info: host: &#039;LAPTOP-FJ3K051I&#039;, ip: &#039;192.168.1.10&#039;, os.name: &#039;Windows 10&#039;, os.arch: &#039;amd64&#039;, os.version: &#039;10.0&#039;, java.version: &#039;15&#039;
Driver info: driver.version: ChromeDriver
remote stacktrace: Backtrace:
	Ordinal0 [0x005EE7D3+124883]
	Ordinal0 [0x005EE7B1+124849]
	GetHandleVerifier [0x00838688+193832]
	GetHandleVerifier [0x00853AC5+305509]
	GetHandleVerifier [0x0085021B+291003]
	GetHandleVerifier [0x0084E0AC+282444]
	GetHandleVerifier [0x00874A90+440624]
	GetHandleVerifier [0x008747FC+439964]
	GetHandleVerifier [0x0087154B+426987]
	GetHandleVerifier [0x00854FFD+310941]
	GetHandleVerifier [0x00855D8E+314414]
	GetHandleVerifier [0x00855D19+314297]
	GetHandleVerifier [0x009131EC+1089676]
	GetHandleVerifier [0x009117C9+1082985]
	GetHandleVerifier [0x009113A3+1081923]
	GetHandleVerifier [0x00A0D9FD+2115741]
	Ordinal0 [0x0073B82E+1488942]
	Ordinal0 [0x006D5A7D+1071741]
	Ordinal0 [0x006D559B+1070491]
	Ordinal0 [0x006D54B1+1070257]
	Ordinal0 [0x0070FF53+1310547]
	BaseThreadInitThunk [0x77BFFA29+25]
	RtlGetAppContainerNamedObjectPath [0x77D47A9E+286]
	RtlGetAppContainerNamedObjectPath [0x77D47A6E+238]
" type="org.openqa.selenium.SessionNotCreatedException">
      <![CDATA[org.openqa.selenium.SessionNotCreatedException: session not created: This version of ChromeDriver only supports Chrome version 89
Current browser version is 91.0.4472.106 with binary path C:\Program Files (x86)\Google\Chrome\Application\chrome.exe
Build info: version: '3.141.59', revision: 'e82be7d358', time: '2018-11-14T08:17:03'
System info: host: 'LAPTOP-FJ3K051I', ip: '192.168.1.10', os.name: 'Windows 10', os.arch: 'amd64', os.version: '10.0', java.version: '15'
Driver info: driver.version: ChromeDriver
remote stacktrace: Backtrace:
Ordinal0 [0x005EE7D3+124883]
Ordinal0 [0x005EE7B1+124849]
GetHandleVerifier [0x00838688+193832]
GetHandleVerifier [0x00853AC5+305509]
GetHandleVerifier [0x0085021B+291003]
GetHandleVerifier [0x0084E0AC+282444]
GetHandleVerifier [0x00874A90+440624]
GetHandleVerifier [0x008747FC+439964]
GetHandleVerifier [0x0087154B+426987]
GetHandleVerifier [0x00854FFD+310941]
GetHandleVerifier [0x00855D8E+314414]
GetHandleVerifier [0x00855D19+314297]
GetHandleVerifier [0x009131EC+1089676]
GetHandleVerifier [0x009117C9+1082985]
GetHandleVerifier [0x009113A3+1081923]
GetHandleVerifier [0x00A0D9FD+2115741]
Ordinal0 [0x0073B82E+1488942]
Ordinal0 [0x006D5A7D+1071741]
Ordinal0 [0x006D559B+1070491]
Ordinal0 [0x006D54B1+1070257]
Ordinal0 [0x0070FF53+1310547]
BaseThreadInitThunk [0x77BFFA29+25]
RtlGetAppContainerNamedObjectPath [0x77D47A9E+286]
RtlGetAppContainerNamedObjectPath [0x77D47A6E+238]

at java.base/jdk.internal.reflect.NativeConstructorAccessorImpl.newInstance0(Native Method)
at java.base/jdk.internal.reflect.NativeConstructorAccessorImpl.newInstance(NativeConstructorAccessorImpl.java:64)
at java.base/jdk.internal.reflect.DelegatingConstructorAccessorImpl.newInstance(DelegatingConstructorAccessorImpl.java:45)
at java.base/java.lang.reflect.Constructor.newInstanceWithCaller(Constructor.java:500)
at java.base/java.lang.reflect.Constructor.newInstance(Constructor.java:481)
at org.openqa.selenium.remote.W3CHandshakeResponse.lambda$errorHandler$0(W3CHandshakeResponse.java:62)
at org.openqa.selenium.remote.HandshakeResponse.lambda$getResponseFunction$0(HandshakeResponse.java:30)
at org.openqa.selenium.remote.ProtocolHandshake.lambda$createSession$0(ProtocolHandshake.java:126)
at java.base/java.util.stream.ReferencePipeline$3$1.accept(ReferencePipeline.java:195)
at java.base/java.util.Spliterators$ArraySpliterator.tryAdvance(Spliterators.java:958)
at java.base/java.util.stream.ReferencePipeline.forEachWithCancel(ReferencePipeline.java:127)
at java.base/java.util.stream.AbstractPipeline.copyIntoWithCancel(AbstractPipeline.java:502)
at java.base/java.util.stream.AbstractPipeline.copyInto(AbstractPipeline.java:488)
at java.base/java.util.stream.AbstractPipeline.wrapAndCopyInto(AbstractPipeline.java:474)
at java.base/java.util.stream.FindOps$FindOp.evaluateSequential(FindOps.java:150)
at java.base/java.util.stream.AbstractPipeline.evaluate(AbstractPipeline.java:234)
at java.base/java.util.stream.ReferencePipeline.findFirst(ReferencePipeline.java:543)
at org.openqa.selenium.remote.ProtocolHandshake.createSession(ProtocolHandshake.java:128)
at org.openqa.selenium.remote.ProtocolHandshake.createSession(ProtocolHandshake.java:74)
at org.openqa.selenium.remote.HttpCommandExecutor.execute(HttpCommandExecutor.java:136)
at org.openqa.selenium.remote.service.DriverCommandExecutor.execute(DriverCommandExecutor.java:83)
at org.openqa.selenium.remote.RemoteWebDriver.execute(RemoteWebDriver.java:552)
at org.openqa.selenium.remote.RemoteWebDriver.startSession(RemoteWebDriver.java:213)
at org.openqa.selenium.remote.RemoteWebDriver.<init>(RemoteWebDriver.java:131)
at org.openqa.selenium.chrome.ChromeDriver.<init>(ChromeDriver.java:181)
at org.openqa.selenium.chrome.ChromeDriver.<init>(ChromeDriver.java:168)
at org.openqa.selenium.chrome.ChromeDriver.<init>(ChromeDriver.java:123)
at setup.SeleniumInit.setup(SeleniumInit.java:18)
at java.base/jdk.internal.reflect.NativeMethodAccessorImpl.invoke0(Native Method)
at java.base/jdk.internal.reflect.NativeMethodAccessorImpl.invoke(NativeMethodAccessorImpl.java:64)
at java.base/jdk.internal.reflect.DelegatingMethodAccessorImpl.invoke(DelegatingMethodAccessorImpl.java:43)
at java.base/java.lang.reflect.Method.invoke(Method.java:564)
at org.testng.internal.MethodInvocationHelper.invokeMethod(MethodInvocationHelper.java:124)
at org.testng.internal.MethodInvocationHelper.invokeMethodConsideringTimeout(MethodInvocationHelper.java:59)
at org.testng.internal.Invoker.invokeConfigurationMethod(Invoker.java:458)
at org.testng.internal.Invoker.invokeConfigurations(Invoker.java:222)
at org.testng.internal.Invoker.invokeConfigurations(Invoker.java:142)
at org.testng.SuiteRunner.privateRun(SuiteRunner.java:401)
at org.testng.SuiteRunner.run(SuiteRunner.java:364)
at org.testng.SuiteRunnerWorker.runSuite(SuiteRunnerWorker.java:52)
at org.testng.SuiteRunnerWorker.run(SuiteRunnerWorker.java:84)
at org.testng.TestNG.runSuitesSequentially(TestNG.java:1208)
at org.testng.TestNG.runSuitesLocally(TestNG.java:1137)
at org.testng.TestNG.runSuites(TestNG.java:1049)
at org.testng.TestNG.run(TestNG.java:1017)
at org.testng.remote.AbstractRemoteTestNG.run(AbstractRemoteTestNG.java:115)
at org.testng.remote.RemoteTestNG.initAndRun(RemoteTestNG.java:251)
at org.testng.remote.RemoteTestNG.main(RemoteTestNG.java:77)
]]>
    </error>
  </testcase> <!-- setup -->
</testsuite> <!-- setup.SeleniumInit -->
