<?xml version="1.0" encoding="UTF-8"?>
<!-- Generated by org.testng.reporters.JUnitXMLReporter -->
<testsuite ignored="0" hostname="LAPTOP-FJ3K051I" failures="1" tests="1" name="Tests" time="5.528" errors="0" timestamp="20 Jun 2021 08:22:47 GMT">
  <testcase classname="runnerClasses.TextBoxRunner" name="test1" time="0.817">
    <failure type="java.lang.AssertionError" message="Wrong Name expected [true] but found [false]">
      <![CDATA[java.lang.AssertionError: Wrong Name expected [true] but found [false]
at pageObjects.TextBoxPage.verifyData(TextBoxPage.java:58)
at runnerClasses.TextBoxRunner.test1(TextBoxRunner.java:26)
... Removed 28 stack frames]]>
    </failure>
  </testcase> <!-- test1 -->
</testsuite> <!-- Tests -->
